Build started 2015-11-18 01:14:06.
     1>Project "C:\Users\Mazi\Desktop\Projects\first\first\first.vcxproj" on node 2 (Build target(s)).
     1>ClCompile:
         C:\Program Files (x86)\Microsoft Visual Studio 12.0\VC\bin\CL.exe /c /I"C:\Users\Mazi\Documents\Programming stuff\freeglut-MSVC-3.0.0-2.mp\freeglut\include" /Zi /nologo /W3 /WX- /sdl /O2 /Oi /Oy- /GL /D WIN32 /D NDEBUG /D _CONSOLE /D _LIB /D _UNICODE /D UNICODE /Gm- /EHsc /MD /GS /Gy /fp:precise /Zc:wchar_t /Zc:forScope /Fo"Release\\" /Fd"Release\vc120.pdb" /Gd /TP /analyze- /errorReport:prompt JoTetris.cpp klawiatura.cpp klocki.cpp Source.cpp spadanie.cpp strzaleczki.cpp
         JoTetris.cpp
     1>JoTetris.cpp(324): warning C4244: 'argument' : conversion from '__int64' to 'int', possible loss of data
     1>JoTetris.cpp(346): warning C4244: 'argument' : conversion from '__int64' to 'int', possible loss of data
     1>JoTetris.cpp(364): warning C4305: 'argument' : truncation from 'double' to 'GLfloat'
     1>JoTetris.cpp(386): warning C4244: 'argument' : conversion from '__int64' to 'int', possible loss of data
     1>JoTetris.cpp(414): warning C4305: 'argument' : truncation from 'double' to 'GLfloat'
     1>JoTetris.cpp(424): warning C4244: 'argument' : conversion from '__int64' to 'int', possible loss of data
     1>JoTetris.cpp(439): warning C4305: 'argument' : truncation from 'double' to 'GLfloat'
     1>JoTetris.cpp(441): warning C4244: 'argument' : conversion from '__int64' to 'int', possible loss of data
         klawiatura.cpp
         klocki.cpp
         Source.cpp
     1>Source.cpp(183): warning C4244: '=' : conversion from '__int64' to 'int', possible loss of data
         spadanie.cpp
         strzaleczki.cpp
       Link:
         C:\Program Files (x86)\Microsoft Visual Studio 12.0\VC\bin\link.exe /ERRORREPORT:PROMPT /OUT:"C:\Users\Mazi\Desktop\Projects\first\Release\first.exe" /INCREMENTAL:NO /NOLOGO /LIBPATH:"C:\Users\Mazi\Documents\Programming stuff\freeglut-MSVC-3.0.0-2.mp\freeglut\lib" kernel32.lib user32.lib gdi32.lib winspool.lib comdlg32.lib advapi32.lib shell32.lib ole32.lib oleaut32.lib uuid.lib odbc32.lib odbccp32.lib /MANIFEST /MANIFESTUAC:"level='asInvoker' uiAccess='false'" /manifest:embed /DEBUG /PDB:"C:\Users\Mazi\Desktop\Projects\first\Release\first.pdb" /SUBSYSTEM:CONSOLE /OPT:REF /OPT:ICF /LTCG /TLBID:1 /DYNAMICBASE /NXCOMPAT /IMPLIB:"C:\Users\Mazi\Desktop\Projects\first\Release\first.lib" /MACHINE:X86 /SAFESEH Release\JoTetris.obj
         Release\klawiatura.obj
         Release\klocki.obj
         Release\Source.obj
         Release\spadanie.obj
         Release\strzaleczki.obj
         Generating code
         Finished generating code
         first.vcxproj -> C:\Users\Mazi\Desktop\Projects\first\Release\first.exe
     1>Done Building Project "C:\Users\Mazi\Desktop\Projects\first\first\first.vcxproj" (Build target(s)).

Build succeeded.

Time Elapsed 00:00:06.19
